braune_eamt2012.pdf:1
dufter_acl2018.pdf:1
durrani_naacl2013.pdf:1
durrani_wmt2013.pdf:1
eamt2017_research_boaster.pdf:1
eder_acl2021.pdf:1
fraser_smorgasbord.pdf:1
hangya_emnlp2022.pdf:1
libovicky_arxiv2019.pdf:1
libovicky_findings_emnlp2020.pdf:1
müller_emnlp2015.pdf:1
peskov_findings_emnlp2021.pdf:1
sajjad_wmt2013.pdf:1
severini_bucc2020.pdf:1
stojanovski_coling2020.pdf:1
stojanovski_mtsummit2019.pdf:1
stojanovski_wmt2019_unsup.pdf:1
tamchyna_acl2016.pdf:1
tamchyna_pbml2014.pdf:1
tamchyna_pbml2014_preprint.pdf:1
tamchyna_wmt2017.pdf:1
weller_acl2013.pdf:1
weller_comacoma2014.pdf:1
wunderlich_gscl2015.pdf:1
chronopoulou_wmt2020.pdf:2
durrani_acl2010.pdf:2
durrani_acl2013.pdf:2
fraser_finalReport_SyntaxForSMT.pdf:2
haemmerl_findings_acl2022.pdf:2
huck_vardial2019.pdf:2
huck_wmt2016.pdf:2
libovicky_wmt2020.pdf:2
sajjad_acl2012.pdf:2
severini_bucc2022.pdf:2
tamchyna_wmt2016.pdf:2
durrani_coling2014.pdf:3
stojanovski_wmt2018.pdf:3
chronopoulou_emnlp2020.pdf:4
fraser_eacl2009.pdf:4
haddow_eamt2017.pdf:4
hangya_wmt2018.pdf:4
ramm_2019_tensemood.pdf:5
ramm_eamt2017.pdf:5
gassen_VLDB2022_Demo.pdf:6
peter_wmt2016.pdf:6
wellerdimarco_acl2020.pdf:6
michel_lrec2020.pdf:7
braune_emnlp2015.pdf:8
braune_wmt2016.pdf:8
fraser_cl2013.pdf:8
lai_wmt2021.pdf:8
ramm_wmt2016.pdf:8
huck_acl2019.pdf:9
braune_naacl2018.pdf:11
libovicky_findings_acl2022.pdf:11
fraser_csli2008_weaver.pdf:13
huck_wmt2017_system.pdf:13
stojanovski_wmt2019_doc.pdf:20
huck_wmt2018.pdf:26
weller_eamt2014.pdf:45
hangya_acl2018.pdf:68
riess_mtsummit2021.pdf:91
lai_findings_emnlp2022.pdf:149
stojanovski_arxiv2020.pdf:191
stojanovski_adapt2021.pdf:195
lai_coling2022.pdf:243
DAMT_2012_final_report.pdf:401
