bigoulaeva_ltedi2021.pdf:0
braune_coling2010.pdf:0
cap_eacl2014.pdf:0
cap_wmt2014.pdf:0
cap_wmt2015.pdf:0
chronopoulou_naacl2021.pdf:0
conforti_amta2018.pdf:0
conforti_flairs2017.pdf:0
cotterell_conll2015.pdf:0
deyringer_mtm2017.pdf:0
durrani_acl2011.pdf:0
durrani_cl2015.pdf:0
fraser_acl2006_semisup.pdf:0
fraser_cl2007_alignqual.pdf:0
fraser_diss.pdf:0
fraser_diss_compact_format.pdf:0
fraser_eacl2012.pdf:0
fraser_eamt2016_talk.pdf:0
fraser_emnlp2007_leaf.pdf:0
fraser_gscl2013.pdf:0
fraser_infuture2009.pdf:0
fraser_naacl2010.pdf:0
fraser_sigir2002.pdf:0
fraser_tr616_alignqual.pdf:0
fraser_trec2001.pdf:0
fraser_trec2002.pdf:0
fraser_wmt2009.pdf:0
fraser_wmt2020.pdf:0
fraser_wpt2005.pdf:0
fritzinger_wmt2010.pdf:0
gojun_eacl2012.pdf:0
hangya_acl2019.pdf:0
hangya_amta2020.pdf:0
hangya_iwslt2018.pdf:0
hangya_wmt2021.pdf:0
hintzen_konvens2019.pdf:0
huck_eacl2017.pdf:0
huck_wmt2017.pdf:0
kobdani_mtsummit2009_2DN.pdf:0
libovicky_emnlp2020.pdf:0
libovicky_spnlp2022.pdf:0
libovicky_wmt2021_system.pdf:0
libovicky_wmt2021_task.pdf:0
marcu_coling2004.pdf:0
munteanu_naacl2004.pdf:0
ramm_acldemo2017.pdf:0
saadi_mrl2022.pdf:0
sajjad_acl2011.pdf:0
sajjad_cl2017_preprint.pdf:0
sajjad_ijcnlp2011.pdf:0
severini_coling2020.pdf:0
stojanovski_system_wmt2018.pdf:0
tan_gscl2021.pdf:0
weissweiler_gscl2017.pdf:0
weller_amta2014.pdf:0
weller_eamt2015.pdf:0
weller_ssst2015.pdf:0
weller_wmt2013.pdf:0
wellerdimarco_eacl2017.pdf:0
wellerdimarco_wmt2016.pdf:0
wellerdimarco_wmt2022_task.pdf:0
wellerdimarco_wmt2022_testsuite.pdf:0
woller_mrl2021.pdf:0
